{
  "RSpec": {
    "coverage": {
      "/Users/edwardthomas/Projects/Challenges/bank-tech-test/spec/account_spec.rb": [
        1,
        null,
        1,
        7,
        null,
        1,
        8,
        8,
        null,
        null,
        1,
        1,
        null,
        null,
        1,
        1,
        null,
        null,
        1,
        1,
        1,
        null,
        null,
        1,
        1,
        1,
        null,
        null,
        1,
        1,
        1,
        1,
        null,
        null,
        null,
        1,
        1,
        1,
        null,
        null,
        1,
        1,
        1,
        null,
        null,
        1,
        1,
        1,
        null,
        null,
        null
      ],
      "/Users/edwardthomas/Projects/Challenges/bank-tech-test/lib/account.rb": [
        1,
        null,
        1,
        null,
        1,
        1,
        null,
        1,
        8,
        8,
        null,
        null,
        1,
        5,
        5,
        null,
        null,
        1,
        3,
        3,
        null,
        null,
        1,
        2,
        2,
        null,
        null
      ],
      "/Users/edwardthomas/Projects/Challenges/bank-tech-test/spec/statement_spec.rb": [
        1,
        null,
        1,
        2,
        2,
        null,
        null,
        null,
        null,
        1,
        1,
        2,
        null,
        null,
        null
      ],
      "/Users/edwardthomas/Projects/Challenges/bank-tech-test/lib/statement.rb": [
        1,
        null,
        1,
        1,
        1,
        null,
        null,
        1,
        1,
        1,
        2,
        null,
        null,
        null,
        null
      ]
    },
    "timestamp": 1536595077
  }
}
