{
  "RSpec": {
    "coverage": {
      "/Users/edwardthomas/Projects/Challenges/bank-tech-test/spec/account_spec.rb": [
        1,
        null,
        1,
        11,
        null,
        1,
        13,
        13,
        null,
        null,
        1,
        1,
        null,
        null,
        1,
        1,
        null,
        null,
        1,
        1,
        1,
        null,
        null,
        null,
        1,
        1,
        1,
        null,
        null,
        null,
        1,
        1,
        1,
        1,
        null,
        null,
        1,
        1,
        1,
        null,
        null,
        1,
        2,
        null,
        null,
        1,
        2,
        null,
        null,
        null,
        1,
        1,
        1,
        1,
        1,
        null,
        null,
        1,
        1,
        1,
        null,
        null,
        1,
        2,
        null,
        null,
        1,
        2,
        null,
        null,
        null,
        1,
        1,
        1,
        1,
        1,
        1,
        1,
        null,
        null,
        null
      ],
      "/Users/edwardthomas/Projects/Challenges/bank-tech-test/lib/account.rb": [
        1,
        null,
        1,
        1,
        1,
        null,
        1,
        12,
        12,
        null,
        null,
        1,
        5,
        5,
        null,
        null,
        1,
        5,
        1,
        4,
        1,
        null,
        3,
        3,
        null,
        null,
        null,
        1,
        4,
        1,
        3,
        1,
        null,
        2,
        2,
        null,
        null,
        null,
        null,
        1,
        null,
        1,
        14,
        54,
        26,
        26,
        null,
        14,
        null
      ],
      "/Users/edwardthomas/Projects/Challenges/bank-tech-test/spec/statement_spec.rb": [
        1,
        null,
        1,
        2,
        1,
        1,
        null,
        null,
        null,
        null,
        null,
        1,
        1,
        2,
        null,
        null,
        null
      ],
      "/Users/edwardthomas/Projects/Challenges/bank-tech-test/lib/statement.rb": [
        1,
        null,
        1,
        1,
        1,
        null,
        null,
        1,
        1,
        1,
        2,
        null,
        null,
        null
      ]
    },
    "timestamp": 1536601040
  }
}
